<?xml version="1.0" encoding="UTF-8"?>
<!-- Generated by org.testng.reporters.JUnitXMLReporter -->
<testsuite hostname="DESKTOP-B75F35K" ignored="3" name="Default test" tests="19" failures="0" timestamp="15 Nov 2018 08:37:03 GMT" time="300.162" errors="0">
  <testcase name="ValidateLogin" time="46.121" classname="smokeTest.ValidateSmokeTest"/>
  <testcase name="ValidateMarkITPlacePage" time="3.896" classname="smokeTest.ValidateSmokeTest"/>
  <testcase name="ValidateManageTab" time="10.849" classname="smokeTest.ValidateSmokeTest"/>
  <testcase name="ValidateInsightTab" time="4.194" classname="smokeTest.ValidateSmokeTest"/>
  <testcase name="ValidateNotificationPage" time="23.2" classname="smokeTest.ValidateSmokeTest"/>
  <testcase name="ValidateLogo" time="3.192" classname="smokeTest.ValidateSmokeTest"/>
  <testcase name="ValidateMyProfile" time="22.046" classname="smokeTest.ValidateSmokeTest"/>
  <testcase name="ValidateEditProfile" time="24.526" classname="smokeTest.ValidateSmokeTest"/>
  <testcase name="ValidateChangePassword" time="21.149" classname="smokeTest.ValidateSmokeTest"/>
  <testcase name="ValidateAccountSettings" time="20.485" classname="smokeTest.ValidateSmokeTest"/>
  <testcase name="ValidateCatalogRestriction" time="18.508" classname="smokeTest.ValidateSmokeTest"/>
  <testcase name="ValidateDomainLink" time="19.101" classname="smokeTest.ValidateSmokeTest"/>
  <testcase name="ValidateAddressPage" time="26.089" classname="smokeTest.ValidateSmokeTest"/>
  <testcase name="ValidateUsersPage" time="22.996" classname="smokeTest.ValidateSmokeTest"/>
  <testcase name="ValidateRequestTab" time="2.211" classname="smokeTest.ValidateSmokeTest"/>
  <testcase name="ValidateInviteTab" time="2.208" classname="smokeTest.ValidateSmokeTest"/>
  <testcase name="ValidateLogout" time="5.072" classname="smokeTest.ValidateSmokeTest"/>
  <testcase name="ValidateForgetPswd" time="9.359" classname="smokeTest.ValidateSmokeTest"/>
  <testcase name="ValidateRegPage" time="14.822" classname="smokeTest.ValidateSmokeTest"/>
  <testcase name="ValidateSetNotifications" time="0.0" classname="smokeTest.ValidateSmokeTest">
    <ignored/>
  </testcase> <!-- ValidateSetNotifications -->
  <testcase name="ValidateLoginUser" time="0.0" classname="smokeTest.ValidateSmokeTest">
    <ignored/>
  </testcase> <!-- ValidateLoginUser -->
  <testcase name="ValidateMyAccountList" time="0.0" classname="smokeTest.ValidateSmokeTest">
    <ignored/>
  </testcase> <!-- ValidateMyAccountList -->
</testsuite> <!-- Default test -->
