<?xml version="1.0" encoding="UTF-8"?>
<!-- Generated by org.testng.reporters.JUnitXMLReporter -->
<testsuite ignored="0" hostname="DESKTOP-GAH683G" failures="1" tests="1" name="LoginTest" time="51.266" errors="0" timestamp="23 Jan 2018 18:06:15 GMT">
  <testcase classname="Package1.LoginTest" name="LoginMethod" time="50.949">
    <failure type="junit.framework.ComparisonFailure" message="expected:&amp;lt;...1&amp;gt; but was:&amp;lt;...&amp;gt;">
      <![CDATA[junit.framework.ComparisonFailure: expected:<...1> but was:<...>at junit.framework.Assert.assertEquals(Assert.java:81)at junit.framework.Assert.assertEquals(Assert.java:87)at Package1.LoginTest.LoginMethod(LoginTest.java:59)... Removed 25 stack frames]]>
    </failure>
  </testcase> <!-- LoginMethod -->
</testsuite> <!-- LoginTest -->
