<?xml version="1.0" encoding="UTF-8"?>
<!-- Generated by org.testng.reporters.JUnitXMLReporter -->
<testsuite ignored="0" hostname="DESKTOP-GAH683G" failures="0" tests="3" name="ValidateHomePageTitle" time="81.781" errors="0" timestamp="31 Jan 2018 10:09:42 GMT">
  <testcase classname="userRights.VerifyPurchaseAnalysis" name="VerifyPurchaseAnalysisFooter" time="27.973"/>
  <testcase classname="userRights.VerifyPurchaseAnalysis" name="VerifyPurchaseAnalysisTrack" time="27.336"/>
  <testcase classname="userRights.VerifyPurchaseAnalysis" name="VerifyPurchaseAnalysisTrackFooter" time="25.922"/>
</testsuite> <!-- ValidateHomePageTitle -->
